#
# A fatal error has been detected by the Java Runtime Environment:
#
#  EXCEPTION_ILLEGAL_INSTRUCTION (0xc000001d) at pc=0x000001f939e7109c, pid=5392, tid=7500
#
# JRE version:  (22.0.1+8) (build )
# Java VM: OpenJDK 64-Bit Server VM (22.0.1+8-16, mixed mode, sharing, tiered, compressed oops, compressed class ptrs, g1 gc, windows-amd64)
# Problematic frame:
# j  java.util.HashMap.putVal(ILjava/lang/Object;Ljava/lang/Object;ZZ)Ljava/lang/Object;+56 java.base
#
# No core dump will be written. Minidumps are not enabled by default on client versions of Windows
#
#

---------------  S U M M A R Y ------------

Command Line: -javaagent:C:\Program Files\JetBrains\IntelliJ IDEA Community Edition 2024.1.4\lib\idea_rt.jar=61441:C:\Program Files\JetBrains\IntelliJ IDEA Community Edition 2024.1.4\bin -Dfile.encoding=UTF-8 -Dsun.stdout.encoding=UTF-8 -Dsun.stderr.encoding=UTF-8 com.sakshi.springdemo.mvc.ValidationdemoApplication

Host: Intel(R) Core(TM) i5-6300U CPU @ 2.40GHz, 4 cores, 19G,  Windows 10 , 64 bit Build 19041 (10.0.19041.3570)
Time: Mon Jul 29 17:57:09 2024 India Standard Time elapsed time: 0.066832 seconds (0d 0h 0m 0s)

---------------  T H R E A D  ---------------

Current thread (0x000001f9284b4140):  JavaThread "main"             [_thread_in_Java, id=7500, stack(0x000000bd51e00000,0x000000bd51f00000) (1024K)]

Stack: [0x000000bd51e00000,0x000000bd51f00000],  sp=0x000000bd51eff360,  free space=1020k
Native frames: (J=compiled Java code, j=interpreted, Vv=VM code, C=native code)
C  0x000001f939e7109c  (no source info available)


siginfo: EXCEPTION_ILLEGAL_INSTRUCTION (0xc000001d)


Registers:
RAX=0x00000000241322d8, RBX=0x00000000000000a7, RCX=0x0000000000000020, RDX=0x000000003176d410
RSP=0x000000bd51eff360, RBP=0x000000bd51eff3a8, RSI=0x000000bd51eff990, RDI=0x000000000000002a
R8 =0x0000000000000000, R9 =0x00000006d580e5e0, R10=0x00007ffef9b401f0, R11=0x00000006d580e588
R12=0x0000000000000000, R13=0x000001f94bb4cce4, R14=0x000000bd51eff418, R15=0x000001f9284b4140
RIP=0x000001f939e7109c, EFLAGS=0x0000000000010a07


Register to memory mapping:

RAX=0x00000000241322d8 is an unknown value
RBX=0x00000000000000a7 is an unknown value
RCX=0x0000000000000020 is an unknown value
RDX=0x000000003176d410 is an unknown value
RSP=0x000000bd51eff360 is pointing into the stack for thread: 0x000001f9284b4140
RBP=0x000000bd51eff3a8 is pointing into the stack for thread: 0x000001f9284b4140
RSI=0x000000bd51eff990 is pointing into the stack for thread: 0x000001f9284b4140
RDI=0x000000000000002a is an unknown value
R8 =0x0 is null
R9 =0x00000006d580e5e0 is an oop: java.util.HashMap$Node 
{0x00000006d580e5e0} - klass: 'java/util/HashMap$Node'
 - ---- fields (total size 4 words):
 - final 'hash' 'I' @12  1980488810 (0x760bdc6a)
 - final 'key' 'Ljava/lang/Object;' @16  "java.vm.specification.name"{0x00000006d580bf88} (0xdab017f1)
 - 'value' 'Ljava/lang/Object;' @20  "Java Virtual Machine Specification"{0x00000006d580bfd0} (0xdab017fa)
 - 'next' 'Ljava/util/HashMap$Node;' @24  null (0x00000000)
R10=0x00007ffef9b401f0 jvm.dll
R11=
[error occurred during error reporting (printing register info), id 0xc0000005, EXCEPTION_ACCESS_VIOLATION (0xc0000005) at pc=0x00007ffef908efe1]
R12=0x0 is null
R13=0x000001f94bb4cce4 is pointing into metadata
R14=0x000000bd51eff418 is pointing into the stack for thread: 0x000001f9284b4140
R15=0x000001f9284b4140 is a thread

Top of Stack: (sp=0x000000bd51eff360)
0x000000bd51eff360:   fffffffffffffff7 000001f94bb4cce0
0x000000bd51eff370:   000000000000000e 000001f94b3bedb8
0x000000bd51eff380:   0000000000000000 00000006d580e010
0x000000bd51eff390:   000001f94b3be7e8 0000000000000000
0x000000bd51eff3a0:   000000bd51eff3f0 000000bd51eff468
0x000000bd51eff3b0:   000001f939e68a5a 0000000000000000
0x000000bd51eff3c0:   0000000000000000 0000000000000000
0x000000bd51eff3d0:   000000000000002a 0000000000000040
0x000000bd51eff3e0:   0000000000000000 00000006d580e4d0
0x000000bd51eff3f0:   0000000000000001 0000000000000000
0x000000bd51eff400:   00000006d580bfd0 00000006d580bf88
0x000000bd51eff410:   00000000760bdc6a 00000006d580e0c8
0x000000bd51eff420:   fffffffffffffff7 000001f94bb4f369
0x000000bd51eff430:   0000000000000004 000001f94b3bedb8
0x000000bd51eff440:   0000000000000000 00000006d580e010
0x000000bd51eff450:   000001f94b076a70 fffffffffffffff1
0x000000bd51eff460:   000000bd51eff478 000000bd51eff4d8
0x000000bd51eff470:   000001f939e68a5a 00000006d580bfd0
0x000000bd51eff480:   00000006d580bf88 00000006d580e0c8
0x000000bd51eff490:   fffffffffffffff7 000001f94b81cf67
0x000000bd51eff4a0:   0000000000000007 000001f94b15a0a8
0x000000bd51eff4b0:   0000000000000000 00000006d580b7d8
0x000000bd51eff4c0:   000001f94b15a170 fffffffffffffff4
0x000000bd51eff4d0:   000000bd51eff510 000000bd51eff560
0x000000bd51eff4e0:   000001f939e68a5a 00000006d580bfd0
0x000000bd51eff4f0:   00000006d580bf88 0000000000000002
0x000000bd51eff500:   00000006d580e0c8 00000006d580bec8
0x000000bd51eff510:   00000006d580b900 fffffffffffffff7
0x000000bd51eff520:   000001f94bbc64f9 0000000000000006
0x000000bd51eff530:   000001f94b422818 0000000000000000
0x000000bd51eff540:   00000006d580b6a0 000001f94b422618
0x000000bd51eff550:   fffffffffffffff6 000000bd51eff598 

Instructions: (pc=0x000001f939e7109c)
0x000001f939e70f9c:   f9 fe 7f 00 00 ff d0 48 83 c4 08 e9 0c 00 00 00
0x000001f939e70fac:   48 b8 e0 3e 1e f9 fe 7f 00 00 ff d0 48 83 c4 20
0x000001f939e70fbc:   c5 7b 10 bc 24 c8 00 00 00 c5 7b 10 b4 24 c0 00
0x000001f939e70fcc:   00 00 c5 7b 10 ac 24 b8 00 00 00 c5 7b 10 a4 24
0x000001f939e70fdc:   b0 00 00 00 c5 7b 10 9c 24 a8 00 00 00 c5 7b 10
0x000001f939e70fec:   94 24 a0 00 00 00 c5 7b 10 8c 24 98 00 00 00 c5
0x000001f939e70ffc:   7b 10 84 24 90 00 00 00 c5 fb 10 bc 24 88 00 00
0x000001f939e7100c:   00 c5 fb 10 b4 24 80 00 00 00 c5 fb 10 6c 24 78
0x000001f939e7101c:   c5 fb 10 64 24 70 c5 fb 10 5c 24 68 c5 fb 10 54
0x000001f939e7102c:   24 60 c5 fb 10 4c 24 58 c5 fb 10 44 24 50 4c 8b
0x000001f939e7103c:   5c 24 40 4c 8b 54 24 38 4c 8b 4c 24 30 4c 8b 44
0x000001f939e7104c:   24 28 48 8b 7c 24 20 48 8b 74 24 18 48 8b 54 24
0x000001f939e7105c:   10 48 8b 4c 24 08 48 8b 04 24 48 81 c4 d0 00 00
0x000001f939e7106c:   00 c5 f8 77 41 c7 03 00 00 00 00 48 83 c4 18 41
0x000001f939e7107c:   0f b6 5d 01 49 ff c5 49 ba f0 01 b4 f9 fe 7f 00
0x000001f939e7108c:   00 41 f7 24 da 0f 1f 80 00 00 00 00 78 59 87 f9
0x000001f939e7109c:   fe 7f 00 00 80 00 00 00 54 00 00 00 00 00 00 00
0x000001f939e710ac:   00 00 00 00 00 00 00 00 00 00 00 00 00 00 00 00
0x000001f939e710bc:   00 00 00 00 8b 04 24 48 83 c4 08 8b 1c 24 48 83
0x000001f939e710cc:   c4 08 5a 48 63 db 3b 5a 0c 72 08 48 8b d2 e9 21
0x000001f939e710dc:   a6 ff ff 8b 4a 08 49 ba 00 00 00 4b f9 01 00 00
0x000001f939e710ec:   49 03 ca 8b 49 08 f7 c1 00 04 00 00 74 03 83 e0
0x000001f939e710fc:   01 88 44 1a 10 41 0f b6 5d 01 49 ff c5 49 ba f0
0x000001f939e7110c:   01 b4 f9 fe 7f 00 00 41 ff 24 da 90 80 59 87 f9
0x000001f939e7111c:   fe 7f 00 00 68 00 00 00 55 00 00 00 00 00 00 00
0x000001f939e7112c:   00 00 00 00 00 00 00 00 00 00 00 00 00 00 00 00
0x000001f939e7113c:   00 00 00 00 8b 04 24 48 83 c4 08 8b 1c 24 48 83
0x000001f939e7114c:   c4 08 5a 48 63 db 3b 5a 0c 72 08 48 8b d2 e9 a1
0x000001f939e7115c:   a5 ff ff 66 89 44 5a 10 41 0f b6 5d 01 49 ff c5
0x000001f939e7116c:   49 ba f0 01 b4 f9 fe 7f 00 00 41 ff 24 da 66 0f
0x000001f939e7117c:   1f 44 00 00 88 59 87 f9 fe 7f 00 00 60 00 00 00
0x000001f939e7118c:   56 00 00 00 00 00 00 00 00 00 00 00 00 00 00 00 


Stack slot to memory mapping:

stack at sp + 0 slots: 0xfffffffffffffff7 is an unknown value
stack at sp + 1 slots: 0x000001f94bb4cce0 is pointing into metadata
stack at sp + 2 slots: 0x000000000000000e is an unknown value
stack at sp + 3 slots: 0x000001f94b3bedb8 is pointing into metadata
stack at sp + 4 slots: 0x0 is null
stack at sp + 5 slots: 0x00000006d580e010 is an oop: java.lang.Class 
{0x00000006d580e010} - klass: 'java/lang/Class'
 - ---- fields (total size 18 words):
 - private volatile transient 'classRedefinedCount' 'I' @12  0 (0x00000000)
 - injected 'klass' 'J' @16  2170217260048 (0x000001f94b076410)
 - injected 'array_klass' 'J' @24  0 (0x0000000000000000)
 - injected 'oop_size' 'I' @32  18 (0x00000012)
 - injected 'static_oop_field_count' 'I' @36  0 (0x00000000)
 - private volatile transient 'cachedConstructor' 'Ljava/lang/reflect/Constructor;' @40  null (0x00000000)
 - private transient 'name' 'Ljava/lang/String;' @44  null (0x00000000)
 - private transient 'module' 'Ljava/lang/Module;' @48  null (0x00000000)
 - private final 'classLoader' 'Ljava/lang/ClassLoader;' @52  null (0x00000000)
 - private transient 'classData' 'Ljava/lang/Object;' @56  null (0x00000000)
 - private transient 'packageName' 'Ljava/lang/String;' @60  null (0x00000000)
 - private final 'componentType' 'Ljava/lang/Class;' @64  null (0x00000000)
 - private volatile transient 'reflectionData' 'Ljava/lang/ref/SoftReference;' @68  null (0x00000000)
 - private volatile transient 'genericInfo' 'Lsun/reflect/generics/repository/ClassRepository;' @72  null (0x00000000)
 - private volatile transient 'enumConstants' '[Ljava/lang/Object;' @76  null (0x00000000)
 - private volatile transient 'enumConstantDirectory' 'Ljava/util/Map;' @80  null (0x00000000)
 - private volatile transient 'annotationData' 'Ljava/lang/Class$AnnotationData;' @84  null (0x00000000)
 - private volatile transient 'annotationType' 'Lsun/reflect/annotation/AnnotationType;' @88  null (0x00000000)
 - transient 'classValueMap' 'Ljava/lang/ClassValue$ClassValueMap;' @92  null (0x00000000)
 - injected 'protection_domain' 'Ljava/lang/Object;' @96  null (0x00000000)
 - injected 'signers_name' 'Ljava/lang/Object;' @100  null (0x00000000)
 - injected 'source_file' 'Ljava/lang/Object;' @104  null (0x00000000)
 - signature: Ljava/util/HashMap;
 - ---- static fields (0):
 - private static final 'serialVersionUID' 'J' @112  362498820763181265 (0x0507dac1c31660d1)
 - static final 'DEFAULT_INITIAL_CAPACITY' 'I' @120  16 (0x00000010)
 - static final 'MAXIMUM_CAPACITY' 'I' @124  1073741824 (0x40000000)
 - static final 'DEFAULT_LOAD_FACTOR' 'F' @128  0.750000 (0x3f400000)
 - static final 'TREEIFY_THRESHOLD' 'I' @132  8 (0x00000008)
 - static final 'UNTREEIFY_THRESHOLD' 'I' @136  6 (0x00000006)
 - static final 'MIN_TREEIFY_CAPACITY' 'I' @140  64 (0x00000040)
stack at sp + 6 slots: {method} {0x000001f94b3be7f0} 'putVal' '(ILjava/lang/Object;Ljava/lang/Object;ZZ)Ljava/lang/Object;' in 'java/util/HashMap'
stack at sp + 7 slots: 0x0 is null


---------------  P R O C E S S  ---------------

Threads class SMR info:
_java_thread_list=0x000001f92a6a5390, length=1, elements={
0x000001f9284b4140
}

Java Threads: ( => current thread )
=>0x000001f9284b4140 JavaThread "main"                              [_thread_in_Java, id=7500, stack(0x000000bd51e00000,0x000000bd51f00000) (1024K)]
Total: 1

Other Threads:
  0x000001f94a150b40 VMThread "VM Thread"                           [id=9392, stack(0x000000bd52500000,0x000000bd52600000) (1024K)]
  0x000001f92a6ae570 WatcherThread "VM Periodic Task Thread"        [id=6508, stack(0x000000bd52400000,0x000000bd52500000) (1024K)]
  0x000001f92a64e1d0 WorkerThread "GC Thread#0"                     [id=8796, stack(0x000000bd51f00000,0x000000bd52000000) (1024K)]
  0x000001f92a6590d0 ConcurrentGCThread "G1 Main Marker"            [id=11568, stack(0x000000bd52000000,0x000000bd52100000) (1024K)]
  0x000001f92a659d90 WorkerThread "G1 Conc#0"                       [id=9112, stack(0x000000bd52100000,0x000000bd52200000) (1024K)]
  0x000001f92a6a54b0 ConcurrentGCThread "G1 Refine#0"               [id=9016, stack(0x000000bd52200000,0x000000bd52300000) (1024K)]
  0x000001f94a011210 ConcurrentGCThread "G1 Service"                [id=6840, stack(0x000000bd52300000,0x000000bd52400000) (1024K)]
Total: 7

Threads with active compile tasks:
Total: 0

VM state: not at safepoint (normal execution)

VM Mutex/Monitor currently owned by a thread: None

Heap address: 0x00000006c1c00000, size: 5092 MB, Compressed Oops mode: Zero based, Oop shift amount: 3

CDS archive(s) mapped at: [0x000001f94b000000-0x000001f94bc50000-0x000001f94bc50000), size 12910592, SharedBaseAddress: 0x000001f94b000000, ArchiveRelocationMode: 1.
Compressed class space mapped at: 0x000001f94c000000-0x000001f98c000000, reserved size: 1073741824
Narrow klass base: 0x000001f94b000000, Narrow klass shift: 0, Narrow klass range: 0x41000000

GC Precious Log:
 CardTable entry size: 512
 Card Set container configuration: InlinePtr #cards 4 size 8 Array Of Cards #cards 32 size 80 Howl #buckets 8 coarsen threshold 7372 Howl Bitmap #cards 1024 size 144 coarsen threshold 921 Card regions per heap region 1 cards per card region 8192
 CPUs: 4 total, 4 available
 Memory: 20355M
 Large Page Support: Disabled
 NUMA Support: Disabled
 Compressed Oops: Enabled (Zero based)
 Heap Region Size: 4M
 Heap Min Capacity: 8M
 Heap Initial Capacity: 320M
 Heap Max Capacity: 5092M
 Pre-touch: Disabled
 Parallel Workers: 4
 Concurrent Workers: 1
 Concurrent Refinement Workers: 4
 Periodic GC: Disabled

Heap:
 garbage-first heap   total reserved 5214208K, committed 327680K, used 0K [0x00000006c1c00000, 0x0000000800000000)
  region size 4096K, 1 young (4096K), 0 survivors (0K)
 Metaspace       used 7K, committed 128K, reserved 1114112K
  class space    used 0K, committed 64K, reserved 1048576K

Heap Regions: E=young(eden), S=young(survivor), O=old, HS=humongous(starts), HC=humongous(continues), CS=collection set, F=free, TAMS=top-at-mark-start, PB=parsable bottom
|   0|0x00000006c1c00000, 0x00000006c1c00000, 0x00000006c2000000|  0%| F|  |TAMS 0x00000006c1c00000| PB 0x00000006c1c00000| Untracked |  0
|   1|0x00000006c2000000, 0x00000006c2000000, 0x00000006c2400000|  0%| F|  |TAMS 0x00000006c2000000| PB 0x00000006c2000000| Untracked |  0
|   2|0x00000006c2400000, 0x00000006c2400000, 0x00000006c2800000|  0%| F|  |TAMS 0x00000006c2400000| PB 0x00000006c2400000| Untracked |  0
|   3|0x00000006c2800000, 0x00000006c2800000, 0x00000006c2c00000|  0%| F|  |TAMS 0x00000006c2800000| PB 0x00000006c2800000| Untracked |  0
|   4|0x00000006c2c00000, 0x00000006c2c00000, 0x00000006c3000000|  0%| F|  |TAMS 0x00000006c2c00000| PB 0x00000006c2c00000| Untracked |  0
|   5|0x00000006c3000000, 0x00000006c3000000, 0x00000006c3400000|  0%| F|  |TAMS 0x00000006c3000000| PB 0x00000006c3000000| Untracked |  0
|   6|0x00000006c3400000, 0x00000006c3400000, 0x00000006c3800000|  0%| F|  |TAMS 0x00000006c3400000| PB 0x00000006c3400000| Untracked |  0
|   7|0x00000006c3800000, 0x00000006c3800000, 0x00000006c3c00000|  0%| F|  |TAMS 0x00000006c3800000| PB 0x00000006c3800000| Untracked |  0
|   8|0x00000006c3c00000, 0x00000006c3c00000, 0x00000006c4000000|  0%| F|  |TAMS 0x00000006c3c00000| PB 0x00000006c3c00000| Untracked |  0
|   9|0x00000006c4000000, 0x00000006c4000000, 0x00000006c4400000|  0%| F|  |TAMS 0x00000006c4000000| PB 0x00000006c4000000| Untracked |  0
|  10|0x00000006c4400000, 0x00000006c4400000, 0x00000006c4800000|  0%| F|  |TAMS 0x00000006c4400000| PB 0x00000006c4400000| Untracked |  0
|  11|0x00000006c4800000, 0x00000006c4800000, 0x00000006c4c00000|  0%| F|  |TAMS 0x00000006c4800000| PB 0x00000006c4800000| Untracked |  0
|  12|0x00000006c4c00000, 0x00000006c4c00000, 0x00000006c5000000|  0%| F|  |TAMS 0x00000006c4c00000| PB 0x00000006c4c00000| Untracked |  0
|  13|0x00000006c5000000, 0x00000006c5000000, 0x00000006c5400000|  0%| F|  |TAMS 0x00000006c5000000| PB 0x00000006c5000000| Untracked |  0
|  14|0x00000006c5400000, 0x00000006c5400000, 0x00000006c5800000|  0%| F|  |TAMS 0x00000006c5400000| PB 0x00000006c5400000| Untracked |  0
|  15|0x00000006c5800000, 0x00000006c5800000, 0x00000006c5c00000|  0%| F|  |TAMS 0x00000006c5800000| PB 0x00000006c5800000| Untracked |  0
|  16|0x00000006c5c00000, 0x00000006c5c00000, 0x00000006c6000000|  0%| F|  |TAMS 0x00000006c5c00000| PB 0x00000006c5c00000| Untracked |  0
|  17|0x00000006c6000000, 0x00000006c6000000, 0x00000006c6400000|  0%| F|  |TAMS 0x00000006c6000000| PB 0x00000006c6000000| Untracked |  0
|  18|0x00000006c6400000, 0x00000006c6400000, 0x00000006c6800000|  0%| F|  |TAMS 0x00000006c6400000| PB 0x00000006c6400000| Untracked |  0
|  19|0x00000006c6800000, 0x00000006c6800000, 0x00000006c6c00000|  0%| F|  |TAMS 0x00000006c6800000| PB 0x00000006c6800000| Untracked |  0
|  20|0x00000006c6c00000, 0x00000006c6c00000, 0x00000006c7000000|  0%| F|  |TAMS 0x00000006c6c00000| PB 0x00000006c6c00000| Untracked |  0
|  21|0x00000006c7000000, 0x00000006c7000000, 0x00000006c7400000|  0%| F|  |TAMS 0x00000006c7000000| PB 0x00000006c7000000| Untracked |  0
|  22|0x00000006c7400000, 0x00000006c7400000, 0x00000006c7800000|  0%| F|  |TAMS 0x00000006c7400000| PB 0x00000006c7400000| Untracked |  0
|  23|0x00000006c7800000, 0x00000006c7800000, 0x00000006c7c00000|  0%| F|  |TAMS 0x00000006c7800000| PB 0x00000006c7800000| Untracked |  0
|  24|0x00000006c7c00000, 0x00000006c7c00000, 0x00000006c8000000|  0%| F|  |TAMS 0x00000006c7c00000| PB 0x00000006c7c00000| Untracked |  0
|  25|0x00000006c8000000, 0x00000006c8000000, 0x00000006c8400000|  0%| F|  |TAMS 0x00000006c8000000| PB 0x00000006c8000000| Untracked |  0
|  26|0x00000006c8400000, 0x00000006c8400000, 0x00000006c8800000|  0%| F|  |TAMS 0x00000006c8400000| PB 0x00000006c8400000| Untracked |  0
|  27|0x00000006c8800000, 0x00000006c8800000, 0x00000006c8c00000|  0%| F|  |TAMS 0x00000006c8800000| PB 0x00000006c8800000| Untracked |  0
|  28|0x00000006c8c00000, 0x00000006c8c00000, 0x00000006c9000000|  0%| F|  |TAMS 0x00000006c8c00000| PB 0x00000006c8c00000| Untracked |  0
|  29|0x00000006c9000000, 0x00000006c9000000, 0x00000006c9400000|  0%| F|  |TAMS 0x00000006c9000000| PB 0x00000006c9000000| Untracked |  0
|  30|0x00000006c9400000, 0x00000006c9400000, 0x00000006c9800000|  0%| F|  |TAMS 0x00000006c9400000| PB 0x00000006c9400000| Untracked |  0
|  31|0x00000006c9800000, 0x00000006c9800000, 0x00000006c9c00000|  0%| F|  |TAMS 0x00000006c9800000| PB 0x00000006c9800000| Untracked |  0
|  32|0x00000006c9c00000, 0x00000006c9c00000, 0x00000006ca000000|  0%| F|  |TAMS 0x00000006c9c00000| PB 0x00000006c9c00000| Untracked |  0
|  33|0x00000006ca000000, 0x00000006ca000000, 0x00000006ca400000|  0%| F|  |TAMS 0x00000006ca000000| PB 0x00000006ca000000| Untracked |  0
|  34|0x00000006ca400000, 0x00000006ca400000, 0x00000006ca800000|  0%| F|  |TAMS 0x00000006ca400000| PB 0x00000006ca400000| Untracked |  0
|  35|0x00000006ca800000, 0x00000006ca800000, 0x00000006cac00000|  0%| F|  |TAMS 0x00000006ca800000| PB 0x00000006ca800000| Untracked |  0
|  36|0x00000006cac00000, 0x00000006cac00000, 0x00000006cb000000|  0%| F|  |TAMS 0x00000006cac00000| PB 0x00000006cac00000| Untracked |  0
|  37|0x00000006cb000000, 0x00000006cb000000, 0x00000006cb400000|  0%| F|  |TAMS 0x00000006cb000000| PB 0x00000006cb000000| Untracked |  0
|  38|0x00000006cb400000, 0x00000006cb400000, 0x00000006cb800000|  0%| F|  |TAMS 0x00000006cb400000| PB 0x00000006cb400000| Untracked |  0
|  39|0x00000006cb800000, 0x00000006cb800000, 0x00000006cbc00000|  0%| F|  |TAMS 0x00000006cb800000| PB 0x00000006cb800000| Untracked |  0
|  40|0x00000006cbc00000, 0x00000006cbc00000, 0x00000006cc000000|  0%| F|  |TAMS 0x00000006cbc00000| PB 0x00000006cbc00000| Untracked |  0
|  41|0x00000006cc000000, 0x00000006cc000000, 0x00000006cc400000|  0%| F|  |TAMS 0x00000006cc000000| PB 0x00000006cc000000| Untracked |  0
|  42|0x00000006cc400000, 0x00000006cc400000, 0x00000006cc800000|  0%| F|  |TAMS 0x00000006cc400000| PB 0x00000006cc400000| Untracked |  0
|  43|0x00000006cc800000, 0x00000006cc800000, 0x00000006ccc00000|  0%| F|  |TAMS 0x00000006cc800000| PB 0x00000006cc800000| Untracked |  0
|  44|0x00000006ccc00000, 0x00000006ccc00000, 0x00000006cd000000|  0%| F|  |TAMS 0x00000006ccc00000| PB 0x00000006ccc00000| Untracked |  0
|  45|0x00000006cd000000, 0x00000006cd000000, 0x00000006cd400000|  0%| F|  |TAMS 0x00000006cd000000| PB 0x00000006cd000000| Untracked |  0
|  46|0x00000006cd400000, 0x00000006cd400000, 0x00000006cd800000|  0%| F|  |TAMS 0x00000006cd400000| PB 0x00000006cd400000| Untracked |  0
|  47|0x00000006cd800000, 0x00000006cd800000, 0x00000006cdc00000|  0%| F|  |TAMS 0x00000006cd800000| PB 0x00000006cd800000| Untracked |  0
|  48|0x00000006cdc00000, 0x00000006cdc00000, 0x00000006ce000000|  0%| F|  |TAMS 0x00000006cdc00000| PB 0x00000006cdc00000| Untracked |  0
|  49|0x00000006ce000000, 0x00000006ce000000, 0x00000006ce400000|  0%| F|  |TAMS 0x00000006ce000000| PB 0x00000006ce000000| Untracked |  0
|  50|0x00000006ce400000, 0x00000006ce400000, 0x00000006ce800000|  0%| F|  |TAMS 0x00000006ce400000| PB 0x00000006ce400000| Untracked |  0
|  51|0x00000006ce800000, 0x00000006ce800000, 0x00000006cec00000|  0%| F|  |TAMS 0x00000006ce800000| PB 0x00000006ce800000| Untracked |  0
|  52|0x00000006cec00000, 0x00000006cec00000, 0x00000006cf000000|  0%| F|  |TAMS 0x00000006cec00000| PB 0x00000006cec00000| Untracked |  0
|  53|0x00000006cf000000, 0x00000006cf000000, 0x00000006cf400000|  0%| F|  |TAMS 0x00000006cf000000| PB 0x00000006cf000000| Untracked |  0
|  54|0x00000006cf400000, 0x00000006cf400000, 0x00000006cf800000|  0%| F|  |TAMS 0x00000006cf400000| PB 0x00000006cf400000| Untracked |  0
|  55|0x00000006cf800000, 0x00000006cf800000, 0x00000006cfc00000|  0%| F|  |TAMS 0x00000006cf800000| PB 0x00000006cf800000| Untracked |  0
|  56|0x00000006cfc00000, 0x00000006cfc00000, 0x00000006d0000000|  0%| F|  |TAMS 0x00000006cfc00000| PB 0x00000006cfc00000| Untracked |  0
|  57|0x00000006d0000000, 0x00000006d0000000, 0x00000006d0400000|  0%| F|  |TAMS 0x00000006d0000000| PB 0x00000006d0000000| Untracked |  0
|  58|0x00000006d0400000, 0x00000006d0400000, 0x00000006d0800000|  0%| F|  |TAMS 0x00000006d0400000| PB 0x00000006d0400000| Untracked |  0
|  59|0x00000006d0800000, 0x00000006d0800000, 0x00000006d0c00000|  0%| F|  |TAMS 0x00000006d0800000| PB 0x00000006d0800000| Untracked |  0
|  60|0x00000006d0c00000, 0x00000006d0c00000, 0x00000006d1000000|  0%| F|  |TAMS 0x00000006d0c00000| PB 0x00000006d0c00000| Untracked |  0
|  61|0x00000006d1000000, 0x00000006d1000000, 0x00000006d1400000|  0%| F|  |TAMS 0x00000006d1000000| PB 0x00000006d1000000| Untracked |  0
|  62|0x00000006d1400000, 0x00000006d1400000, 0x00000006d1800000|  0%| F|  |TAMS 0x00000006d1400000| PB 0x00000006d1400000| Untracked |  0
|  63|0x00000006d1800000, 0x00000006d1800000, 0x00000006d1c00000|  0%| F|  |TAMS 0x00000006d1800000| PB 0x00000006d1800000| Untracked |  0
|  64|0x00000006d1c00000, 0x00000006d1c00000, 0x00000006d2000000|  0%| F|  |TAMS 0x00000006d1c00000| PB 0x00000006d1c00000| Untracked |  0
|  65|0x00000006d2000000, 0x00000006d2000000, 0x00000006d2400000|  0%| F|  |TAMS 0x00000006d2000000| PB 0x00000006d2000000| Untracked |  0
|  66|0x00000006d2400000, 0x00000006d2400000, 0x00000006d2800000|  0%| F|  |TAMS 0x00000006d2400000| PB 0x00000006d2400000| Untracked |  0
|  67|0x00000006d2800000, 0x00000006d2800000, 0x00000006d2c00000|  0%| F|  |TAMS 0x00000006d2800000| PB 0x00000006d2800000| Untracked |  0
|  68|0x00000006d2c00000, 0x00000006d2c00000, 0x00000006d3000000|  0%| F|  |TAMS 0x00000006d2c00000| PB 0x00000006d2c00000| Untracked |  0
|  69|0x00000006d3000000, 0x00000006d3000000, 0x00000006d3400000|  0%| F|  |TAMS 0x00000006d3000000| PB 0x00000006d3000000| Untracked |  0
|  70|0x00000006d3400000, 0x00000006d3400000, 0x00000006d3800000|  0%| F|  |TAMS 0x00000006d3400000| PB 0x00000006d3400000| Untracked |  0
|  71|0x00000006d3800000, 0x00000006d3800000, 0x00000006d3c00000|  0%| F|  |TAMS 0x00000006d3800000| PB 0x00000006d3800000| Untracked |  0
|  72|0x00000006d3c00000, 0x00000006d3c00000, 0x00000006d4000000|  0%| F|  |TAMS 0x00000006d3c00000| PB 0x00000006d3c00000| Untracked |  0
|  73|0x00000006d4000000, 0x00000006d4000000, 0x00000006d4400000|  0%| F|  |TAMS 0x00000006d4000000| PB 0x00000006d4000000| Untracked |  0
|  74|0x00000006d4400000, 0x00000006d4400000, 0x00000006d4800000|  0%| F|  |TAMS 0x00000006d4400000| PB 0x00000006d4400000| Untracked |  0
|  75|0x00000006d4800000, 0x00000006d4800000, 0x00000006d4c00000|  0%| F|  |TAMS 0x00000006d4800000| PB 0x00000006d4800000| Untracked |  0
|  76|0x00000006d4c00000, 0x00000006d4c00000, 0x00000006d5000000|  0%| F|  |TAMS 0x00000006d4c00000| PB 0x00000006d4c00000| Untracked |  0
|  77|0x00000006d5000000, 0x00000006d5000000, 0x00000006d5400000|  0%| F|  |TAMS 0x00000006d5000000| PB 0x00000006d5000000| Untracked |  0
|  78|0x00000006d5400000, 0x00000006d5400000, 0x00000006d5800000|  0%| F|  |TAMS 0x00000006d5400000| PB 0x00000006d5400000| Untracked |  0
|  79|0x00000006d5800000, 0x00000006d5851ed8, 0x00000006d5c00000|  8%| E|  |TAMS 0x00000006d5800000| PB 0x00000006d5800000| Complete |  0

Card table byte_map: [0x000001f942330000,0x000001f942d30000] _byte_map_base: 0x000001f93ed22000

Marking Bits: (CMBitMap*) 0x000001f92a64e8e0
 Bits: [0x000001f942d30000, 0x000001f947cc0000)

Polling page: 0x000001f9285f0000

Metaspace:

Usage:
  Non-class:      7.00 KB used.
      Class:    992 bytes used.
       Both:      7.97 KB used.

Virtual space:
  Non-class space:       64.00 MB reserved,      64.00 KB ( <1%) committed,  1 nodes.
      Class space:        1.00 GB reserved,      64.00 KB ( <1%) committed,  1 nodes.
             Both:        1.06 GB reserved,     128.00 KB ( <1%) committed. 

Chunk freelists:
   Non-Class:  12.00 MB
       Class:  15.75 MB
        Both:  27.75 MB

MaxMetaspaceSize: unlimited
CompressedClassSpaceSize: 1.00 GB
Initial GC threshold: 21.00 MB
Current GC threshold: 17179869184.00 GB
CDS: on
 - commit_granule_bytes: 65536.
 - commit_granule_words: 8192.
 - virtual_space_node_default_size: 8388608.
 - enlarge_chunks_in_place: 1.
 - use_allocation_guard: 0.


Internal statistics:

num_allocs_failed_limit: 0.
num_arena_births: 2.
num_arena_deaths: 0.
num_vsnodes_births: 2.
num_vsnodes_deaths: 0.
num_space_committed: 2.
num_space_uncommitted: 0.
num_chunks_returned_to_freelist: 0.
num_chunks_taken_from_freelist: 3.
num_chunk_merges: 0.
num_chunk_splits: 2.
num_chunks_enlarged: 0.
num_inconsistent_stats: 0.

CodeHeap 'non-profiled nmethods': size=120000Kb used=0Kb max_used=0Kb free=120000Kb
 bounds [0x000001f93a400000, 0x000001f93a670000, 0x000001f941930000]
CodeHeap 'profiled nmethods': size=120000Kb used=0Kb max_used=0Kb free=120000Kb
 bounds [0x000001f932930000, 0x000001f932ba0000, 0x000001f939e60000]
CodeHeap 'non-nmethods': size=5760Kb used=393Kb max_used=393Kb free=5367Kb
 bounds [0x000001f939e60000, 0x000001f93a0d0000, 0x000001f93a400000]
 total_blobs=146 nmethods=0 adapters=116
 compilation: enabled
              stopped_count=0, restarted_count=0
 full_count=0

Compilation events (0 events):
No events

GC Heap History (0 events):
No events

Dll operation events (1 events):
Event: 0.020 Loaded shared library C:\Users\LENOVO\.jdks\openjdk-22.0.1\bin\java.dll

Deoptimization events (0 events):
No events

Classes loaded (0 events):
No events

Classes unloaded (0 events):
No events

Classes redefined (0 events):
No events

Internal exceptions (0 events):
No events

ZGC Phase Switch (0 events):
No events

VM Operations (0 events):
No events

Events (1 events):
Event: 0.047 Thread 0x000001f9284b4140 Thread added: 0x000001f9284b4140


Dynamic libraries:
0x00007ff61a990000 - 0x00007ff61a99e000 	C:\Users\LENOVO\.jdks\openjdk-22.0.1\bin\java.exe
0x00007fff30590000 - 0x00007fff30787000 	C:\Windows\SYSTEM32\ntdll.dll
0x00007fff30490000 - 0x00007fff3054d000 	C:\Windows\System32\KERNEL32.DLL
0x00007fff2dc70000 - 0x00007fff2df66000 	C:\Windows\System32\KERNELBASE.dll
0x00007fff2e220000 - 0x00007fff2e320000 	C:\Windows\System32\ucrtbase.dll
0x00007fff2d130000 - 0x00007fff2d147000 	C:\Users\LENOVO\.jdks\openjdk-22.0.1\bin\jli.dll
0x00007fff2ebb0000 - 0x00007fff2ed4e000 	C:\Windows\System32\USER32.dll
0x00007fff2e030000 - 0x00007fff2e052000 	C:\Windows\System32\win32u.dll
0x00007fff2e9c0000 - 0x00007fff2e9ec000 	C:\Windows\System32\GDI32.dll
0x00007fff2e060000 - 0x00007fff2e17a000 	C:\Windows\System32\gdi32full.dll
0x00007fff2e180000 - 0x00007fff2e21d000 	C:\Windows\System32\msvcp_win.dll
0x00007fff2d150000 - 0x00007fff2d16b000 	C:\Users\LENOVO\.jdks\openjdk-22.0.1\bin\VCRUNTIME140.dll
0x00007fff1e050000 - 0x00007fff1e2ea000 	C:\Windows\WinSxS\amd64_microsoft.windows.common-controls_6595b64144ccf1df_6.0.19041.3570_none_60bb2a3971f3e41a\COMCTL32.dll
0x00007fff2e650000 - 0x00007fff2e6ee000 	C:\Windows\System32\msvcrt.dll
0x00007fff2e990000 - 0x00007fff2e9c0000 	C:\Windows\System32\IMM32.DLL
0x00007fff2d620000 - 0x00007fff2d62c000 	C:\Users\LENOVO\.jdks\openjdk-22.0.1\bin\vcruntime140_1.dll
0x00007fff1ea90000 - 0x00007fff1eb1e000 	C:\Users\LENOVO\.jdks\openjdk-22.0.1\bin\msvcp140.dll
0x00007ffef8ec0000 - 0x00007ffef9c07000 	C:\Users\LENOVO\.jdks\openjdk-22.0.1\bin\server\jvm.dll
0x00007fff2fa70000 - 0x00007fff2fb1e000 	C:\Windows\System32\ADVAPI32.dll
0x00007fff2eb00000 - 0x00007fff2eb9c000 	C:\Windows\System32\sechost.dll
0x00007fff2fc50000 - 0x00007fff2fd76000 	C:\Windows\System32\RPCRT4.dll
0x00007fff2ffb0000 - 0x00007fff3001b000 	C:\Windows\System32\WS2_32.dll
0x00007fff2d680000 - 0x00007fff2d6cb000 	C:\Windows\SYSTEM32\POWRPROF.dll
0x00007fff26ce0000 - 0x00007fff26d07000 	C:\Windows\SYSTEM32\WINMM.dll
0x00007fff1cdf0000 - 0x00007fff1cdfa000 	C:\Windows\SYSTEM32\VERSION.dll
0x00007fff2d3e0000 - 0x00007fff2d3f2000 	C:\Windows\SYSTEM32\UMPDC.dll
0x00007fff2be30000 - 0x00007fff2be42000 	C:\Windows\SYSTEM32\kernel.appcore.dll
0x00007fff2d120000 - 0x00007fff2d12a000 	C:\Users\LENOVO\.jdks\openjdk-22.0.1\bin\jimage.dll
0x00007fff2d6d0000 - 0x00007fff2d8b4000 	C:\Windows\SYSTEM32\DBGHELP.DLL
0x00007fff2d5c0000 - 0x00007fff2d5f4000 	C:\Windows\SYSTEM32\dbgcore.DLL
0x00007fff2df70000 - 0x00007fff2dff2000 	C:\Windows\System32\bcryptPrimitives.dll
0x00007fff2d110000 - 0x00007fff2d11f000 	C:\Users\LENOVO\.jdks\openjdk-22.0.1\bin\instrument.dll
0x00007fff27ae0000 - 0x00007fff27afe000 	C:\Users\LENOVO\.jdks\openjdk-22.0.1\bin\java.dll
0x00007fff2f320000 - 0x00007fff2fa64000 	C:\Windows\System32\SHELL32.dll
0x00007fff2f1f0000 - 0x00007fff2f31b000 	C:\Windows\System32\ole32.dll
0x00007fff2ed50000 - 0x00007fff2f0a4000 	C:\Windows\System32\combase.dll
0x00007fff2b680000 - 0x00007fff2be1b000 	C:\Windows\SYSTEM32\windows.storage.dll
0x00007fff2cf00000 - 0x00007fff2cf2d000 	C:\Windows\SYSTEM32\Wldp.dll
0x00007fff2fb20000 - 0x00007fff2fbcd000 	C:\Windows\System32\SHCORE.dll
0x00007fff2e930000 - 0x00007fff2e985000 	C:\Windows\System32\shlwapi.dll
0x00007fff2dba0000 - 0x00007fff2dbc5000 	C:\Windows\SYSTEM32\profapi.dll

dbghelp: loaded successfully - version: 4.0.5 - missing functions: none
symbol engine: initialized successfully - sym options: 0x614 - pdb path: .;C:\Users\LENOVO\.jdks\openjdk-22.0.1\bin;C:\Windows\SYSTEM32;C:\Windows\WinSxS\amd64_microsoft.windows.common-controls_6595b64144ccf1df_6.0.19041.3570_none_60bb2a3971f3e41a;C:\Users\LENOVO\.jdks\openjdk-22.0.1\bin\server

VM Arguments:
jvm_args: -javaagent:C:\Program Files\JetBrains\IntelliJ IDEA Community Edition 2024.1.4\lib\idea_rt.jar=61441:C:\Program Files\JetBrains\IntelliJ IDEA Community Edition 2024.1.4\bin -Dfile.encoding=UTF-8 -Dsun.stdout.encoding=UTF-8 -Dsun.stderr.encoding=UTF-8 
java_command: com.sakshi.springdemo.mvc.ValidationdemoApplication
java_class_path (initial): C:\Users\LENOVO\Desktop\dev-spring-boot\07-spring-boot-spring-mvc\validationdemo\validationdemo\target\classes;C:\Users\LENOVO\.m2\repository\org\springframework\boot\spring-boot-starter-thymeleaf\3.3.2\spring-boot-starter-thymeleaf-3.3.2.jar;C:\Users\LENOVO\.m2\repository\org\springframework\boot\spring-boot-starter\3.3.2\spring-boot-starter-3.3.2.jar;C:\Users\LENOVO\.m2\repository\org\springframework\boot\spring-boot-starter-logging\3.3.2\spring-boot-starter-logging-3.3.2.jar;C:\Users\LENOVO\.m2\repository\ch\qos\logback\logback-classic\1.5.6\logback-classic-1.5.6.jar;C:\Users\LENOVO\.m2\repository\ch\qos\logback\logback-core\1.5.6\logback-core-1.5.6.jar;C:\Users\LENOVO\.m2\repository\org\apache\logging\log4j\log4j-to-slf4j\2.23.1\log4j-to-slf4j-2.23.1.jar;C:\Users\LENOVO\.m2\repository\org\apache\logging\log4j\log4j-api\2.23.1\log4j-api-2.23.1.jar;C:\Users\LENOVO\.m2\repository\org\slf4j\jul-to-slf4j\2.0.13\jul-to-slf4j-2.0.13.jar;C:\Users\LENOVO\.m2\repository\jakarta\annotation\jakarta.annotation-api\2.1.1\jakarta.annotation-api-2.1.1.jar;C:\Users\LENOVO\.m2\repository\org\yaml\snakeyaml\2.2\snakeyaml-2.2.jar;C:\Users\LENOVO\.m2\repository\org\thymeleaf\thymeleaf-spring6\3.1.2.RELEASE\thymeleaf-spring6-3.1.2.RELEASE.jar;C:\Users\LENOVO\.m2\repository\org\thymeleaf\thymeleaf\3.1.2.RELEASE\thymeleaf-3.1.2.RELEASE.jar;C:\Users\LENOVO\.m2\repository\org\attoparser\attoparser\2.0.7.RELEASE\attoparser-2.0.7.RELEASE.jar;C:\Users\LENOVO\.m2\repository\org\unbescape\unbescape\1.1.6.RELEASE\unbescape-1.1.6.RELEASE.jar;C:\Users\LENOVO\.m2\repository\org\slf4j\slf4j-api\2.0.13\slf4j-api-2.0.13.jar;C:\Users\LENOVO\.m2\repository\org\springframework\boot\spring-boot-starter-validation\3.3.2\spring-boot-starter-validation-3.3.2.jar;C:\Users\LENOVO\.m2\repository\org\apache\tomcat\embed\tomcat-embed-el\10.1.26\tomcat-embed-el-10.1.26.jar;C:\Users\LENOVO\.m2\repository\org\hibernate\validator\hibernate-validator\8.0.1.Final\hibernate-validator-8.0.1.Final.jar;C:\Users\LENOVO\.m2\repository\jakarta\validation\jakarta.validation-api\3.0.2\jakarta.validation-api-3.0.2.jar;C:\Users\LENOVO\.m2\repository\org\jboss\logging\jboss-logging\3.5.3.Final\jboss-logging-3.5.3.Final.jar;C:\Users\LENOVO\.m2\repository\com\fasterxml\classmate\1.7.0\classmate-1.7.0.jar;C:\Users\LENOVO\.m2\repository\org\springframework\boot\spring-boot-starter-web\3.3.2\spring-boot-starter-web-3.3.2.jar;C:\Users\LENOVO\.m2\repository\org\springframework\boot\spring-boot-starter-json\3.3.2\spring-boot-starter-json-3.3.2.jar;C:\Users\LENOVO\.m2\repository\com\fasterxml\jackson\core\jackson-databind\2.17.2\jackson-databind-2.17.2.jar;C:\Users\LENOVO\.m2\repository\com\fasterxml\jackson\core\jackson-annotations\2.17.2\jackson-annotations-2.17.2.jar;C:\Users\LENOVO\.m2\repository\com\fasterxml\jackson\core\jackson-core\2.17.2\jackson-core-2.17.2.jar;C:\Users\LENOVO\.m2\repository\com\fasterxml\jackson\datatype\jackson-datatype-jdk8\2.17.2\jackson-datatype-jdk8-2.17.2.jar;C:\Users\LENOVO\.m2\repository\com\fasterxml\jackson\datatype\jackson-datatype-jsr310\2.17.2\jackson-datatype-jsr310-2.17.2.jar;C:\Users\LENOVO\.m2\repository\com\fasterxml\jackson\module\jackson-module-parameter-names\2.17.2\jackson-module-parameter-names-2.17.2.jar;C:\Users\LENOVO\.m2\repository\org\springframework\boot\spring-boot-starter-tomcat\3.3.2\spring-boot-starter-tomcat-3.3.2.jar;C:\Users\LENOVO\.m2\repository\org\apache\tomcat\embed\tomcat-embed-core\10.1.26\tomcat-embed-core-10.1.26.jar;C:\Users\LENOVO\.m2\repository\org\apache\tomcat\embed\tomcat-embed-websocket\10.1.26\tomcat-embed-websocket-10.1.26.jar;C:\Users\LENOVO\.m2\repository\org\springframework\spring-web\6.1.11\spring-web-6.1.11.jar;C:\Users\LENOVO\.m2\repository\org\springframework\spring-beans\6.1.11\spring-beans-6.1.11.jar;C:\Users\LENOVO\.m2\repository\io\micrometer\micrometer-observation\1.13.2\micrometer-observation-1.13.2.jar;C:\Users\LENOVO\.m2\repository\io\micrometer\micrometer-commons\1.13.2\micrometer-commons-1.13.2.jar;C:\Users\LENOVO\.m2\repository\org\springframework\spring-webmvc\6.1.11\spring-webmvc-6.1.11.jar;C:\Users\LENOVO\.m2\repository\org\springframework\spring-aop\6.1.11\spring-aop-6.1.11.jar;C:\Users\LENOVO\.m2\repository\org\springframework\spring-context\6.1.11\spring-context-6.1.11.jar;C:\Users\LENOVO\.m2\repository\org\springframework\spring-expression\6.1.11\spring-expression-6.1.11.jar;C:\Users\LENOVO\.m2\repository\org\springframework\boot\spring-boot-devtools\3.3.2\spring-boot-devtools-3.3.2.jar;C:\Users\LENOVO\.m2\repository\org\springframework\boot\spring-boot\3.3.2\spring-boot-3.3.2.jar;C:\Users\LENOVO\.m2\repository\org\springframework\boot\spring-boot-autoconfigure\3.3.2\spring-boot-autoconfigure-3.3.2.jar;C:\Users\LENOVO\.m2\repository\org\springframework\spring-core\6.1.11\spring-core-6.1.11.jar;C:\Users\LENOVO\.m2\repository\org\springframework\spring-jcl\6.1.11\spring-jcl-6.1.11.jar
Launcher Type: SUN_STANDARD

[Global flags]
     intx CICompilerCount                          = 3                                         {product} {ergonomic}
     uint ConcGCThreads                            = 1                                         {product} {ergonomic}
     uint G1ConcRefinementThreads                  = 4                                         {product} {ergonomic}
   size_t G1HeapRegionSize                         = 4194304                                   {product} {ergonomic}
   size_t InitialHeapSize                          = 335544320                                 {product} {ergonomic}
   size_t MarkStackSize                            = 4194304                                   {product} {ergonomic}
   size_t MaxHeapSize                              = 5339348992                                {product} {ergonomic}
   size_t MaxNewSize                               = 3200253952                                {product} {ergonomic}
   size_t MinHeapDeltaBytes                        = 4194304                                   {product} {ergonomic}
   size_t MinHeapSize                              = 8388608                                   {product} {ergonomic}
    uintx NonNMethodCodeHeapSize                   = 5832780                                {pd product} {ergonomic}
    uintx NonProfiledCodeHeapSize                  = 122912730                              {pd product} {ergonomic}
     bool PerfDisableSharedMem                     = true                                      {product} {ergonomic}
    uintx ProfiledCodeHeapSize                     = 122912730                              {pd product} {ergonomic}
    uintx ReservedCodeCacheSize                    = 251658240                              {pd product} {ergonomic}
     bool SegmentedCodeCache                       = true                                      {product} {ergonomic}
   size_t SoftMaxHeapSize                          = 5339348992                             {manageable} {ergonomic}
     bool UseCompressedOops                        = true                           {product lp64_product} {ergonomic}
     bool UseG1GC                                  = true                                      {product} {ergonomic}
     bool UseLargePagesIndividualAllocation        = false                                  {pd product} {ergonomic}

Logging:
Log output configuration:
 #0: stdout all=warning uptime,level,tags foldmultilines=false
 #1: stderr all=off uptime,level,tags foldmultilines=false

Environment Variables:
PATH=C:\Program Files\Common Files\Oracle\Java\javapath;C:\Program Files (x86)\Common Files\Oracle\Java\javapath;C:\Windows\system32;C:\Windows;C:\Windows\System32\Wbem;C:\Windows\System32\WindowsPowerShell\v1.0\;C:\Windows\System32\OpenSSH\;C:\Program Files\Java\jdk-22\bin;C:\Program Files\MySQL\MySQL Server 8.0\bin;C:\Program Files\MySQL\MySQL Shell 8.0\bin\;C:\Users\LENOVO\AppData\Local\Programs\Python\Python312\Scripts\;C:\Users\LENOVO\AppData\Local\Programs\Python\Python312\;C:\Users\LENOVO\AppData\Local\Programs\Python\Launcher\;C:\Users\LENOVO\AppData\Local\Microsoft\WindowsApps;C:\Users\LENOVO\AppData\Local\Programs\Microsoft VS Code\bin;C:\Program Files\Java\jdk-17\bin;;C:\Program Files\JetBrains\IntelliJ IDEA Community Edition 2024.1.4\bin;
USERNAME=LENOVO
OS=Windows_NT
PROCESSOR_IDENTIFIER=Intel64 Family 6 Model 78 Stepping 3, GenuineIntel
TMP=C:\Users\LENOVO\AppData\Local\Temp
TEMP=C:\Users\LENOVO\AppData\Local\Temp




Periodic native trim disabled

---------------  S Y S T E M  ---------------

OS:
 Windows 10 , 64 bit Build 19041 (10.0.19041.3570)
OS uptime: 3 days 7:42 hours

CPU: total 4 (initial active 4) (2 cores per cpu, 2 threads per core) family 6 model 78 stepping 3 microcode 0xf0, cx8, cmov, fxsr, ht, mmx, 3dnowpref, sse, sse2, sse3, ssse3, sse4.1, sse4.2, popcnt, lzcnt, tsc, tscinvbit, avx, avx2, aes, erms, clmul, bmi1, bmi2, rtm, adx, fma, vzeroupper, clflush, clflushopt, rdtscp, f16c
Processor Information for all 4 processors :
  Max Mhz: 2496, Current Mhz: 798, Mhz Limit: 798

Memory: 4k page, system-wide physical 20355M (14446M free)
TotalPageFile size 23427M (AvailPageFile size 16491M)
current process WorkingSet (physical memory assigned to process): 28M, peak: 28M
current process commit charge ("private bytes"): 393M, peak: 393M

vm_info: OpenJDK 64-Bit Server VM (22.0.1+8-16) for windows-amd64 JRE (22.0.1+8-16), built on 2024-03-12T10:33:16Z by "mach5one" with MS VC++ 17.6 (VS2022)

END.
